#
# There is insufficient memory for the Java Runtime Environment to continue.
# Native memory allocation (mmap) failed to map 134217728 bytes for G1 virtual space
# Possible reasons:
#   The system is out of physical RAM or swap space
#   The process is running with CompressedOops enabled, and the Java Heap may be blocking the growth of the native heap
# Possible solutions:
#   Reduce memory load on the system
#   Increase physical memory or swap space
#   Check if swap backing store is full
#   Decrease Java heap size (-Xmx/-Xms)
#   Decrease number of Java threads
#   Decrease Java thread stack sizes (-Xss)
#   Set larger code cache with -XX:ReservedCodeCacheSize=
#   JVM is running with Unscaled Compressed Oops mode in which the Java heap is
#     placed in the first 4GB address space. The Java Heap base address is the
#     maximum limit for the native heap growth. Please use -XX:HeapBaseMinAddress
#     to set the Java Heap base and to place the Java Heap above 4GB virtual address.
# This output file may be truncated or incomplete.
#
#  Out of Memory Error (os_windows.cpp:3530), pid=260, tid=13992
#
# JRE version:  (18.0.2.1+1) (build )
# Java VM: Java HotSpot(TM) 64-Bit Server VM (18.0.2.1+1-1, mixed mode, sharing, tiered, compressed oops, compressed class ptrs, g1 gc, windows-amd64)
# No core dump will be written. Minidumps are not enabled by default on client versions of Windows
#

---------------  S U M M A R Y ------------

Command Line: -Dfile.encoding=UTF-8 --module-path=C:\Users\Md Meraj\Documents\NetBeansProjects\Quiz Application\build\classes quiz.application.Quiz

Host: Intel(R) Core(TM) i5-10300H CPU @ 2.50GHz, 8 cores, 7G,  Windows 10 , 64 bit Build 19041 (10.0.19041.1889)
Time: Thu Sep 22 15:44:28 2022 India Standard Time elapsed time: 0.009368 seconds (0d 0h 0m 0s)

---------------  T H R E A D  ---------------

Current thread (0x0000020d2117dc20):  JavaThread "Unknown thread" [_thread_in_vm, id=13992, stack(0x000000a784200000,0x000000a784300000)]

Stack: [0x000000a784200000,0x000000a784300000]
Native frames: (J=compiled Java code, j=interpreted, Vv=VM code, C=native code)
V  [jvm.dll+0x6993aa]
V  [jvm.dll+0x7f46dd]
V  [jvm.dll+0x7f5fee]
V  [jvm.dll+0x7f66a3]
V  [jvm.dll+0x25cf1f]
V  [jvm.dll+0x6962f9]
V  [jvm.dll+0x68ae2a]
V  [jvm.dll+0x32255b]
V  [jvm.dll+0x329f36]
V  [jvm.dll+0x37eade]
V  [jvm.dll+0x37ed0f]
V  [jvm.dll+0x2fa2da]
V  [jvm.dll+0x2fb33d]
V  [jvm.dll+0x7c3310]
V  [jvm.dll+0x38be61]
V  [jvm.dll+0x7a2023]
V  [jvm.dll+0x40dc3f]
V  [jvm.dll+0x40f611]
C  [jli.dll+0x526b]
C  [ucrtbase.dll+0x21bb2]
C  [KERNEL32.DLL+0x17034]
C  [ntdll.dll+0x526a1]


---------------  P R O C E S S  ---------------

Threads class SMR info:
_java_thread_list=0x00007ffad210e550, length=0, elements={
}

Java Threads: ( => current thread )

Other Threads:
  0x0000020d211df3e0 WorkerThread "GC Thread#0" [stack: 0x000000a784300000,0x000000a784400000] [id=18712]
  0x0000020d211f0f70 ConcurrentGCThread "G1 Main Marker" [stack: 0x000000a784400000,0x000000a784500000] [id=3940]
  0x0000020d211f2010 WorkerThread "G1 Conc#0" [stack: 0x000000a784500000,0x000000a784600000] [id=26796]

[error occurred during error reporting (printing all threads), id 0xc0000005, EXCEPTION_ACCESS_VIOLATION (0xc0000005) at pc=0x00007ffad193a877]

VM state: not at safepoint (not fully initialized)

VM Mutex/Monitor currently owned by a thread:  ([mutex/lock_event])
[0x0000020d21178910] Heap_lock - owner thread: 0x0000020d2117dc20

Heap address: 0x0000000081600000, size: 2026 MB, Compressed Oops mode: 32-bit

CDS archive(s) mapped at: [0x0000000000000000-0x0000000000000000-0x0000000000000000), size 0, SharedBaseAddress: 0x0000000800000000, ArchiveRelocationMode: 0.
Narrow klass base: 0x0000000000000000, Narrow klass shift: 0, Narrow klass range: 0x0

GC Precious Log:
 CardTable entry size: 512
 Card Set container configuration: InlinePtr #cards 5 size 8 Array Of Cards #cards 12 size 40 Howl #buckets 4 coarsen threshold 1843 Howl Bitmap #cards 512 size 80 coarsen threshold 460 Card regions per heap region 1 cards per card region 2048

Heap:
 garbage-first heap   total 0K, used 0K [0x0000000081600000, 0x0000000100000000)
  region size 1024K, 0 young (0K), 0 survivors (0K)

[error occurred during error reporting (printing heap information), id 0xc0000005, EXCEPTION_ACCESS_VIOLATION (0xc0000005) at pc=0x00007ffad1d21839]

GC Heap History (0 events):
No events

Deoptimization events (0 events):
No events

Classes loaded (0 events):
No events

Classes unloaded (0 events):
No events

Classes redefined (0 events):
No events

Internal exceptions (0 events):
No events

VM Operations (0 events):
No events

Events (1 events):
Event: 0.006 Loaded shared library C:\Program Files\Java\jdk-18.0.2.1\bin\java.dll


Dynamic libraries:
0x00007ff66dd10000 - 0x00007ff66dd20000 	C:\Program Files\Java\jdk-18.0.2.1\bin\java.exe
0x00007ffb319b0000 - 0x00007ffb31ba8000 	C:\WINDOWS\SYSTEM32\ntdll.dll
0x00007ffb304c0000 - 0x00007ffb3057d000 	C:\WINDOWS\System32\KERNEL32.DLL
0x00007ffb2f2a0000 - 0x00007ffb2f56e000 	C:\WINDOWS\System32\KERNELBASE.dll
0x00007ffb2f8e0000 - 0x00007ffb2f9e0000 	C:\WINDOWS\System32\ucrtbase.dll
0x00007ffb27920000 - 0x00007ffb2793a000 	C:\Program Files\Java\jdk-18.0.2.1\bin\VCRUNTIME140.dll
0x00007ffb2b240000 - 0x00007ffb2b258000 	C:\Program Files\Java\jdk-18.0.2.1\bin\jli.dll
0x00007ffb30a50000 - 0x00007ffb30afe000 	C:\WINDOWS\System32\ADVAPI32.dll
0x00007ffb31720000 - 0x00007ffb317be000 	C:\WINDOWS\System32\msvcrt.dll
0x00007ffb30e90000 - 0x00007ffb30f2c000 	C:\WINDOWS\System32\sechost.dll
0x00007ffb314e0000 - 0x00007ffb31605000 	C:\WINDOWS\System32\RPCRT4.dll
0x00007ffb31260000 - 0x00007ffb31400000 	C:\WINDOWS\System32\USER32.dll
0x00007ffb2f180000 - 0x00007ffb2f1a2000 	C:\WINDOWS\System32\win32u.dll
0x00007ffb0cb80000 - 0x00007ffb0ce1a000 	C:\WINDOWS\WinSxS\amd64_microsoft.windows.common-controls_6595b64144ccf1df_6.0.19041.1110_none_60b5254171f9507e\COMCTL32.dll
0x00007ffb31610000 - 0x00007ffb3163a000 	C:\WINDOWS\System32\GDI32.dll
0x00007ffb2f570000 - 0x00007ffb2f67b000 	C:\WINDOWS\System32\gdi32full.dll
0x00007ffb2f200000 - 0x00007ffb2f29d000 	C:\WINDOWS\System32\msvcp_win.dll
0x00007ffb28500000 - 0x00007ffb2850a000 	C:\WINDOWS\SYSTEM32\VERSION.dll
0x00007ffb314b0000 - 0x00007ffb314e0000 	C:\WINDOWS\System32\IMM32.DLL
0x00007ffb2b180000 - 0x00007ffb2b18c000 	C:\Program Files\Java\jdk-18.0.2.1\bin\vcruntime140_1.dll
0x00007ffb1c5f0000 - 0x00007ffb1c67d000 	C:\Program Files\Java\jdk-18.0.2.1\bin\msvcp140.dll
0x00007ffad1630000 - 0x00007ffad2241000 	C:\Program Files\Java\jdk-18.0.2.1\bin\server\jvm.dll
0x00007ffb310c0000 - 0x00007ffb310c8000 	C:\WINDOWS\System32\PSAPI.DLL
0x00007ffb1f660000 - 0x00007ffb1f687000 	C:\WINDOWS\SYSTEM32\WINMM.dll
0x00007ffb2b1c0000 - 0x00007ffb2b1c9000 	C:\WINDOWS\SYSTEM32\WSOCK32.dll
0x00007ffb30f30000 - 0x00007ffb30f9b000 	C:\WINDOWS\System32\WS2_32.dll
0x00007ffb2d950000 - 0x00007ffb2d962000 	C:\WINDOWS\SYSTEM32\kernel.appcore.dll
0x00007ffb29140000 - 0x00007ffb2914a000 	C:\Program Files\Java\jdk-18.0.2.1\bin\jimage.dll
0x00007ffb2cec0000 - 0x00007ffb2d0a4000 	C:\WINDOWS\SYSTEM32\DBGHELP.DLL
0x00007ffb1e6f0000 - 0x00007ffb1e71c000 	C:\WINDOWS\SYSTEM32\dbgcore.DLL
0x00007ffb2f850000 - 0x00007ffb2f8d2000 	C:\WINDOWS\System32\bcryptPrimitives.dll
0x00007ffb272f0000 - 0x00007ffb27315000 	C:\Program Files\Java\jdk-18.0.2.1\bin\java.dll

dbghelp: loaded successfully - version: 4.0.5 - missing functions: none
symbol engine: initialized successfully - sym options: 0x614 - pdb path: .;C:\Program Files\Java\jdk-18.0.2.1\bin;C:\WINDOWS\SYSTEM32;C:\WINDOWS\WinSxS\amd64_microsoft.windows.common-controls_6595b64144ccf1df_6.0.19041.1110_none_60b5254171f9507e;C:\Program Files\Java\jdk-18.0.2.1\bin\server

VM Arguments:
jvm_args: -Dfile.encoding=UTF-8 --module-path=C:\Users\Md Meraj\Documents\NetBeansProjects\Quiz Application\build\classes 
java_command: quiz.application.Quiz
java_class_path (initial): C:\Users\Md Meraj\Documents\NetBeansProjects\Quiz Application\build\classes
Launcher Type: SUN_STANDARD

[Global flags]
     intx CICompilerCount                          = 4                                         {product} {ergonomic}
     uint ConcGCThreads                            = 2                                         {product} {ergonomic}
     uint G1ConcRefinementThreads                  = 8                                         {product} {ergonomic}
   size_t G1HeapRegionSize                         = 1048576                                   {product} {ergonomic}
    uintx GCDrainStackTargetSize                   = 64                                        {product} {ergonomic}
   size_t InitialHeapSize                          = 134217728                                 {product} {ergonomic}
   size_t MarkStackSize                            = 4194304                                   {product} {ergonomic}
   size_t MaxHeapSize                              = 2124414976                                {product} {ergonomic}
   size_t MinHeapDeltaBytes                        = 1048576                                   {product} {ergonomic}
   size_t MinHeapSize                              = 8388608                                   {product} {ergonomic}
    uintx NonNMethodCodeHeapSize                   = 5839372                                {pd product} {ergonomic}
    uintx NonProfiledCodeHeapSize                  = 122909434                              {pd product} {ergonomic}
    uintx ProfiledCodeHeapSize                     = 122909434                              {pd product} {ergonomic}
    uintx ReservedCodeCacheSize                    = 251658240                              {pd product} {ergonomic}
     bool SegmentedCodeCache                       = true                                      {product} {ergonomic}
   size_t SoftMaxHeapSize                          = 2124414976                             {manageable} {ergonomic}
     bool UseCompressedClassPointers               = true                           {product lp64_product} {ergonomic}
     bool UseCompressedOops                        = true                           {product lp64_product} {ergonomic}
     bool UseG1GC                                  = true                                      {product} {ergonomic}
     bool UseLargePagesIndividualAllocation        = false                                  {pd product} {ergonomic}

Logging:
Log output configuration:
 #0: stdout all=warning uptime,level,tags foldmultilines=false
 #1: stderr all=off uptime,level,tags foldmultilines=false

Environment Variables:
JAVA_HOME=C:\Program Files\Java\jdk-18.0.2.1\bin
PATH=C:\Windows\system32;C:\Windows;C:\Windows\System32\Wbem;C:\Windows\System32\WindowsPowerShell\v1.0\;C:\Windows\System32\OpenSSH\;C:\Program Files (x86)\NVIDIA Corporation\PhysX\Common;C:\Program Files\NVIDIA Corporation\NVIDIA NvDLISR;C:\WINDOWS\system32;C:\WINDOWS;C:\WINDOWS\System32\Wbem;C:\WINDOWS\System32\WindowsPowerShell\v1.0\;C:\WINDOWS\System32\OpenSSH\;C:\Program Files\Java\jdk-18.0.2.1\bin;C:\Users\Md Meraj\AppData\Local\Microsoft\WindowsApps;C:\Users\Md Meraj\AppData\Local\Programs\Microsoft VS Code\bin;C:\Program Files\JetBrains\IntelliJ IDEA Community Edition 2022.2.1\bin;;C:\Program Files\Java\jdk-18.0.2.1\bin;
USERNAME=Md Meraj
OS=Windows_NT
PROCESSOR_IDENTIFIER=Intel64 Family 6 Model 165 Stepping 2, GenuineIntel



---------------  S Y S T E M  ---------------

OS:
 Windows 10 , 64 bit Build 19041 (10.0.19041.1889)
OS uptime: 4 days 2:18 hours

CPU: total 8 (initial active 8) (4 cores per cpu, 2 threads per core) family 6 model 165 stepping 2 microcode 0xf0, cx8, cmov, fxsr, ht, mmx, 3dnowpref, sse, sse2, sse3, ssse3, sse4.1, sse4.2, popcnt, lzcnt, tsc, tscinvbit, avx, avx2, aes, erms, clmul, bmi1, bmi2, adx, fma, vzeroupper, clflush, clflushopt

Memory: 4k page, system-wide physical 8099M (679M free)
TotalPageFile size 32675M (AvailPageFile size 56M)
current process WorkingSet (physical memory assigned to process): 10M, peak: 10M
current process commit charge ("private bytes"): 60M, peak: 188M

vm_info: Java HotSpot(TM) 64-Bit Server VM (18.0.2.1+1-1) for windows-amd64 JRE (18.0.2.1+1-1), built on Aug 16 2022 01:46:33 by "mach5one" with MS VC++ 16.8 / 16.9 (VS2019)

END.
